<?xml version="1.0" encoding="UTF-8"?>
<!-- Generated by org.testng.reporters.JUnitReportReporter -->
<testsuite hostname="DESKTOP-AB9GR0P" failures="0" tests="1" name="testcases.RunLogin" time="44.134" errors="0" timestamp="2025-04-13T18:19:20 IST" skipped="0">
  <testcase classname="testcases.RunLogin" name="runLogin" time="44.134"/>
  <system-out/>
</testsuite> <!-- testcases.RunLogin -->
