<?xml version="1.0" encoding="UTF-8"?>
<!-- Generated by org.testng.reporters.JUnitReportReporter -->
<testsuite hostname="DESKTOP-AB9GR0P" failures="0" tests="1" name="testcases.RunCreateLead" time="50.620" errors="0" timestamp="2025-04-13T18:19:20 IST" skipped="0">
  <testcase classname="testcases.RunCreateLead" name="runCreateLead" time="50.620"/>
  <system-out/>
</testsuite> <!-- testcases.RunCreateLead -->
